<?xml version="1.0" encoding="UTF-8"?>
<!-- Generated by org.testng.reporters.JUnitReportReporter -->
<testsuite skipped="0" hostname="Ankush" name="com.RMG.Base.DataBaseLib" tests="1" failures="0" timestamp="08 Dec 2020 12:14:18 GMT" time="1.012" errors="0">
  <testcase name="databaseTest" time="1.012" classname="com.RMG.Base.DataBaseLib"/>
</testsuite> <!-- com.RMG.Base.DataBaseLib -->
