<?xml version="1.0" encoding="UTF-8"?>
<!-- Generated by org.testng.reporters.JUnitReportReporter -->
<testsuite skipped="0" hostname="Ankush" name="com.RMG.GitAPI.GitApiTest" tests="1" failures="0" timestamp="09 Dec 2020 14:31:10 GMT" time="5.590" errors="0">
  <testcase name="authenticationTest" time="5.590" classname="com.RMG.GitAPI.GitApiTest"/>
</testsuite> <!-- com.RMG.GitAPI.GitApiTest -->
